<?xml version="1.0" encoding="UTF-8"?>
<testsuite name="at.berwil.opentrivia.test.OpenTriviaConnectorCategoriesTest" tests="1" skipped="0" failures="0" errors="0" timestamp="2019-02-10T15:24:17" hostname="LAPTOP-6NBFVRQP" time="0.713">
  <properties/>
  <testcase name="testCategories" classname="at.berwil.opentrivia.test.OpenTriviaConnectorCategoriesTest" time="0.713"/>
  <system-out><![CDATA[16:24:17.808 [Test worker] INFO  a.b.o.client.OpenTriviaConnector - getCategories
16:24:17.808 [Test worker] INFO  a.b.o.client.HttpHelperSynchroneous - build request and invoke URL: https://opentdb.com/api_category.php
16:24:18.505 [Test worker] DEBUG a.b.o.client.OpenTriviaConnector - Response: {"trivia_categories":[{"id":9,"name":"General Knowledge"},{"id":10,"name":"Entertainment: Books"},{"id":11,"name":"Entertainment: Film"},{"id":12,"name":"Entertainment: Music"},{"id":13,"name":"Entertainment: Musicals & Theatres"},{"id":14,"name":"Entertainment: Television"},{"id":15,"name":"Entertainment: Video Games"},{"id":16,"name":"Entertainment: Board Games"},{"id":17,"name":"Science & Nature"},{"id":18,"name":"Science: Computers"},{"id":19,"name":"Science: Mathematics"},{"id":20,"name":"Mythology"},{"id":21,"name":"Sports"},{"id":22,"name":"Geography"},{"id":23,"name":"History"},{"id":24,"name":"Politics"},{"id":25,"name":"Art"},{"id":26,"name":"Celebrities"},{"id":27,"name":"Animals"},{"id":28,"name":"Vehicles"},{"id":29,"name":"Entertainment: Comics"},{"id":30,"name":"Science: Gadgets"},{"id":31,"name":"Entertainment: Japanese Anime & Manga"},{"id":32,"name":"Entertainment: Cartoon & Animations"}]}
16:24:18.512 [Test worker] DEBUG a.b.o.client.OpenTriviaConnector - id=9 name=General Knowledge
16:24:18.513 [Test worker] DEBUG a.b.o.client.OpenTriviaConnector - id=10 name=Entertainment: Books
16:24:18.513 [Test worker] DEBUG a.b.o.client.OpenTriviaConnector - id=11 name=Entertainment: Film
16:24:18.513 [Test worker] DEBUG a.b.o.client.OpenTriviaConnector - id=12 name=Entertainment: Music
16:24:18.513 [Test worker] DEBUG a.b.o.client.OpenTriviaConnector - id=13 name=Entertainment: Musicals & Theatres
16:24:18.513 [Test worker] DEBUG a.b.o.client.OpenTriviaConnector - id=14 name=Entertainment: Television
16:24:18.513 [Test worker] DEBUG a.b.o.client.OpenTriviaConnector - id=15 name=Entertainment: Video Games
16:24:18.516 [Test worker] DEBUG a.b.o.client.OpenTriviaConnector - id=16 name=Entertainment: Board Games
16:24:18.516 [Test worker] DEBUG a.b.o.client.OpenTriviaConnector - id=17 name=Science & Nature
16:24:18.516 [Test worker] DEBUG a.b.o.client.OpenTriviaConnector - id=18 name=Science: Computers
16:24:18.516 [Test worker] DEBUG a.b.o.client.OpenTriviaConnector - id=19 name=Science: Mathematics
16:24:18.516 [Test worker] DEBUG a.b.o.client.OpenTriviaConnector - id=20 name=Mythology
16:24:18.516 [Test worker] DEBUG a.b.o.client.OpenTriviaConnector - id=21 name=Sports
16:24:18.516 [Test worker] DEBUG a.b.o.client.OpenTriviaConnector - id=22 name=Geography
16:24:18.516 [Test worker] DEBUG a.b.o.client.OpenTriviaConnector - id=23 name=History
16:24:18.516 [Test worker] DEBUG a.b.o.client.OpenTriviaConnector - id=24 name=Politics
16:24:18.517 [Test worker] DEBUG a.b.o.client.OpenTriviaConnector - id=25 name=Art
16:24:18.517 [Test worker] DEBUG a.b.o.client.OpenTriviaConnector - id=26 name=Celebrities
16:24:18.517 [Test worker] DEBUG a.b.o.client.OpenTriviaConnector - id=27 name=Animals
16:24:18.517 [Test worker] DEBUG a.b.o.client.OpenTriviaConnector - id=28 name=Vehicles
16:24:18.517 [Test worker] DEBUG a.b.o.client.OpenTriviaConnector - id=29 name=Entertainment: Comics
16:24:18.517 [Test worker] DEBUG a.b.o.client.OpenTriviaConnector - id=30 name=Science: Gadgets
16:24:18.517 [Test worker] DEBUG a.b.o.client.OpenTriviaConnector - id=31 name=Entertainment: Japanese Anime & Manga
16:24:18.518 [Test worker] DEBUG a.b.o.client.OpenTriviaConnector - id=32 name=Entertainment: Cartoon & Animations
]]></system-out>
  <system-err><![CDATA[]]></system-err>
</testsuite>
