<?xml version="1.0" encoding="UTF-8"?>
<testsuite name="at.berwil.opentrivia.test.OpenTriviaConnectorQuestionTest" tests="2" skipped="0" failures="0" errors="0" timestamp="2019-02-10T15:24:18" hostname="LAPTOP-6NBFVRQP" time="1.364">
  <properties/>
  <testcase name="testRetrieveMultipleChoice" classname="at.berwil.opentrivia.test.OpenTriviaConnectorQuestionTest" time="0.683"/>
  <testcase name="testRetrieveMultipleChoiceUnknownCategory" classname="at.berwil.opentrivia.test.OpenTriviaConnectorQuestionTest" time="0.681"/>
  <system-out><![CDATA[16:24:18.521 [Test worker] INFO  a.b.o.client.HttpHelperSynchroneous - build request and invoke URL: https://opentdb.com/api.php?amount=1&category=9&difficulty=easy&type=multiple
16:24:19.199 [Test worker] DEBUG a.b.o.client.OpenTriviaConnector - response: {"response_code":0,"results":[{"category":"General Knowledge","type":"multiple","difficulty":"easy","question":"What color is the &quot;Ex&quot; in FedEx Ground?","correct_answer":"Green","incorrect_answers":["Red","Light Blue","Orange"]}]}
16:24:19.201 [Test worker] DEBUG a.b.o.client.OpenTriviaConnector - MultipleChoice [question=What color is the &quot;Ex&quot; in FedEx Ground?, answers=[Red, Light Blue, Orange], nAnswers=4, answer=Green]
16:24:19.204 [Test worker] INFO  a.b.o.client.HttpHelperSynchroneous - build request and invoke URL: https://opentdb.com/api.php?amount=1&category=999&difficulty=medium&type=multiple
16:24:19.881 [Test worker] DEBUG a.b.o.client.OpenTriviaConnector - response: {"response_code":1,"results":[]}
]]></system-out>
  <system-err><![CDATA[]]></system-err>
</testsuite>
